08-11-2022 T 10:30:21 [warn]: Error 404. Route not found 
08-11-2022 T 10:31:38 [warn]: Error 404. Route not found 
08-11-2022 T 10:31:39 [warn]: Error 404. Route not found 
08-11-2022 T 10:50:09 [warn]: Error 404. Route not found 
08-11-2022 T 10:54:39 [warn]: Error 404. Route not found 
14-11-2022 T 04:44:19 [warn]: Error 404. Route not found 
14-11-2022 T 04:44:20 [warn]: Error 404. Route not found 
14-11-2022 T 05:27:02 [error]: Error 409. The email or the username already exist, please use another. 
14-11-2022 T 09:42:51 [error]: Error 409. ivalid role 
14-11-2022 T 09:43:58 [error]: Error 409. invalid role 
14-11-2022 T 09:44:52 [error]: Error 409. invalid role 
14-11-2022 T 09:47:26 [error]: Error 409. invalid role 
14-11-2022 T 09:49:49 [error]: Error 409. The email or the username already exist, please use another. 
15-11-2022 T 12:24:53 [warn]: Error 404. Route not found 
15-11-2022 T 05:50:49 [warn]: Error 404. Route not found 
15-11-2022 T 06:23:37 [warn]: Error 404. Route not found 
15-11-2022 T 06:26:54 [warn]: Error 404. Route not found 
15-11-2022 T 06:28:28 [warn]: Error 404. Route not found 
15-11-2022 T 06:31:07 [warn]: Error 404. Route not found 
15-11-2022 T 06:31:53 [warn]: Error 404. Route not found 
15-11-2022 T 06:33:19 [warn]: Error 404. Route not found 
15-11-2022 T 06:35:54 [warn]: Error 404. Route not found 
15-11-2022 T 07:54:58 [warn]: Error 404. Route not found 
15-11-2022 T 07:55:17 [warn]: Error 404. Route not found 
15-11-2022 T 07:56:57 [warn]: Error 404. Route not found 
15-11-2022 T 07:59:00 [warn]: Error 404. Route not found 
15-11-2022 T 08:01:25 [warn]: You're not authenticated 
15-11-2022 T 08:01:43 [warn]: Error 404. Route not found 
15-11-2022 T 08:05:51 [warn]: Error 404. Route not found 
15-11-2022 T 08:31:11 [warn]: Error 404. Route not found 
15-11-2022 T 08:31:12 [warn]: Error 404. Route not found 
15-11-2022 T 08:40:11 [warn]: Error 404. Route not found 
15-11-2022 T 08:43:09 [warn]: Error 404. Route not found 
15-11-2022 T 09:01:07 [warn]: Error 404. Route not found 
15-11-2022 T 09:04:37 [warn]: Error 404. Route not found 
15-11-2022 T 09:07:13 [warn]: Error 404. Route not found 
15-11-2022 T 09:08:43 [warn]: Error 404. Route not found 
15-11-2022 T 09:10:06 [warn]: Error 404. Route not found 
15-11-2022 T 09:23:54 [warn]: Error 404. Route not found 
15-11-2022 T 09:26:41 [warn]: Error 404. Route not found 
15-11-2022 T 09:31:27 [warn]: Error 404. Route not found 
15-11-2022 T 09:31:56 [warn]: Error 404. Route not found 
15-11-2022 T 09:32:04 [warn]: Error 404. Route not found 
15-11-2022 T 09:36:10 [warn]: Error 404. Route not found 
15-11-2022 T 09:39:29 [warn]: You're not authenticated 
15-11-2022 T 09:39:48 [warn]: Error 404. Route not found 
15-11-2022 T 09:41:09 [warn]: Error 404. Route not found 
15-11-2022 T 09:42:29 [warn]: Error 404. Route not found 
15-11-2022 T 10:59:52 [warn]: You're not authenticated 
16-11-2022 T 10:31:41 [warn]: Error 404. Route not found 
16-11-2022 T 10:36:35 [warn]: Error 404. Route not found 
16-11-2022 T 10:36:55 [warn]: Error 404. Route not found 
16-11-2022 T 11:01:23 [warn]: You're not authenticated 
17-11-2022 T 12:49:23 [warn]: Error 404. Route not found 
17-11-2022 T 02:41:43 [warn]: You're not authenticated 
17-11-2022 T 02:57:20 [warn]: You're not authenticated 
17-11-2022 T 03:08:29 [warn]: You're not authenticated 
17-11-2022 T 03:49:26 [warn]: You're not authenticated 
17-11-2022 T 04:00:02 [warn]: You're not authenticated 
17-11-2022 T 04:17:11 [warn]: You're not authenticated 
17-11-2022 T 04:30:08 [warn]: You're not authenticated 
17-11-2022 T 04:40:56 [warn]: You're not authenticated 
17-11-2022 T 04:51:06 [warn]: You're not authenticated 
17-11-2022 T 05:04:37 [warn]: You're not authenticated 
17-11-2022 T 05:33:34 [warn]: You're not authenticated 
17-11-2022 T 05:44:02 [warn]: You're not authenticated 
17-11-2022 T 05:56:24 [warn]: Error 404. Route not found 
17-11-2022 T 08:12:35 [warn]: You're not authenticated 
17-11-2022 T 08:27:07 [warn]: You're not authenticated 
17-11-2022 T 08:43:55 [warn]: You're not authenticated 
17-11-2022 T 08:51:34 [error]: 404. Product doesn't exist 
17-11-2022 T 08:55:38 [warn]: You're not authenticated 
17-11-2022 T 09:06:09 [warn]: You're not authenticated 
17-11-2022 T 09:25:12 [warn]: You're not authenticated 
17-11-2022 T 09:35:02 [warn]: Error 404. Route not found 
17-11-2022 T 09:41:50 [warn]: You're not authenticated 
17-11-2022 T 09:49:37 [warn]: Error 404. Route not found 
17-11-2022 T 09:53:07 [warn]: You're not authenticated 
17-11-2022 T 09:56:03 [error]: 400.Invalid ID product, mongo only accept 12 bytes, a string of 24 hex characters or an integer id value 
17-11-2022 T 09:57:48 [error]: 400.Invalid ID product, mongo only accept 12 bytes, a string of 24 hex characters or an integer id value 
17-11-2022 T 10:04:57 [warn]: You're not authenticated 
17-11-2022 T 10:05:27 [error]: 404.Product doesn't exist 
17-11-2022 T 10:08:10 [error]: 404.Product doesn't exist 
17-11-2022 T 10:08:37 [error]: 400.Invalid ID product, mongo only accept 12 bytes, a string of 24 hex characters or an integer id value 
17-11-2022 T 10:13:42 [error]: 400.Invalid ID product, mongo only accept 12 bytes, a string of 24 hex characters or an integer id value 
17-11-2022 T 10:15:16 [error]: 400.Invalid ID product, mongo only accept 12 bytes, a string of 24 hex characters or an integer id value 
17-11-2022 T 10:18:09 [warn]: You're not authenticated 
17-11-2022 T 11:56:08 [warn]: You're not authenticated 
18-11-2022 T 12:00:15 [warn]: Error 404. Route not found 
18-11-2022 T 01:05:01 [warn]: You're not authenticated 
18-11-2022 T 11:21:29 [warn]: Error 404. Route not found 
18-11-2022 T 11:35:38 [error]: 400.Invalid ID product, mongo only accept 12 bytes, a string of 24 hex characters or an integer id value 
18-11-2022 T 11:45:34 [warn]: You're not authenticated 
18-11-2022 T 11:57:27 [warn]: You're not authenticated 
18-11-2022 T 12:30:55 [warn]: You're not authenticated 
18-11-2022 T 12:55:18 [warn]: You're not authenticated 
18-11-2022 T 08:30:56 [warn]: You're not authenticated 
18-11-2022 T 08:30:56 [warn]: Error 404. Route not found 
18-11-2022 T 09:50:07 [warn]: You're not authenticated 
18-11-2022 T 10:14:11 [warn]: You're not authenticated 
18-11-2022 T 10:38:59 [warn]: You're not authenticated 
18-11-2022 T 10:50:11 [warn]: You're not authenticated 
18-11-2022 T 11:14:57 [warn]: You're not authenticated 
18-11-2022 T 11:58:53 [warn]: You're not authenticated 
19-11-2022 T 12:28:29 [warn]: You're not authenticated 
19-11-2022 T 12:45:40 [warn]: You're not authenticated 
19-11-2022 T 01:30:06 [warn]: You're not authenticated 
19-11-2022 T 01:48:56 [warn]: You're not authenticated 
20-11-2022 T 04:04:28 [warn]: Error 404. Route not found 
20-11-2022 T 04:28:34 [error]: Error 409. The email or the username already exist, please use another. 
20-11-2022 T 04:30:01 [error]: Error 409. The email or the username already exist, please use another. 
20-11-2022 T 04:31:59 [error]: Error 409. The email or the username already exist, please use another. 
29-11-2022 T 05:40:57 [error]: Error 500. ProductService.getAll is not a function 
29-11-2022 T 05:43:39 [error]: Error 500. ProductService.getAll is not a function 
29-11-2022 T 05:55:35 [error]: Error 500. serviceProductDB.productRetrieved is not a function 
29-11-2022 T 05:58:13 [error]: Error 400. Ingrese una imágen del producto 
29-11-2022 T 05:58:13 [error]: Error 500. Error 400. Debe ingresar una imágen del producto 
29-11-2022 T 05:58:39 [error]: Error 400. Ingrese una imágen del producto 
29-11-2022 T 05:58:39 [error]: Error 500. Error 400. Debe ingresar una imágen del producto 
29-11-2022 T 06:01:33 [warn]: Error 404. Route not found 
29-11-2022 T 06:03:01 [error]: Error 500. CartService.getById is not a function 
29-11-2022 T 06:06:26 [error]: Error 500. CartService.getById is not a function 
29-11-2022 T 06:07:30 [error]: Error 500. serviceCartDB.GetById is not a function 
29-11-2022 T 06:10:04 [error]: Error 500. deleteProductFromCart is not defined 
29-11-2022 T 06:29:48 [warn]: Error 404. Route not found 
29-11-2022 T 06:41:52 [warn]: You're not authenticated 
29-11-2022 T 07:25:46 [warn]: You're not authenticated 
29-11-2022 T 08:12:54 [error]: Error 400. Ingrese una imágen del producto 
29-11-2022 T 08:12:54 [error]: Error 500. Error 400. Debe ingresar una imágen del producto 
29-11-2022 T 08:13:06 [error]: Error 400. Ingrese una imágen del producto 
29-11-2022 T 08:13:06 [error]: Error 500. Error 400. Debe ingresar una imágen del producto 
29-11-2022 T 08:14:17 [warn]: Error 404. Route not found 
29-11-2022 T 08:15:41 [warn]: Error 404. Route not found 
29-11-2022 T 08:15:45 [warn]: Error 404. Route not found 
29-11-2022 T 08:16:24 [warn]: Error 404. Route not found 
29-11-2022 T 08:23:59 [warn]: You're not authenticated 
29-11-2022 T 08:32:58 [warn]: Error 404. Route not found 
29-11-2022 T 08:33:05 [warn]: Error 404. Route not found 
29-11-2022 T 08:49:51 [error]: Error 500. Cannot destructure property '_id' of 'undefined' as it is undefined. 
29-11-2022 T 08:50:24 [error]: Error 500. Cannot destructure property '_id' of 'undefined' as it is undefined. 
29-11-2022 T 08:53:00 [error]: Error 500. CartService.deleteById is not a function 
30-11-2022 T 10:21:57 [warn]: You're not authenticated 
30-11-2022 T 10:21:58 [warn]: Error 404. Route not found 
09-12-2022 T 07:02:49 [warn]: Error 404. Route not found 
09-12-2022 T 07:04:45 [error]: Error 500. res.status(...).jason is not a function 
09-12-2022 T 07:05:08 [error]: Error 500. Cannot set headers after they are sent to the client 
09-12-2022 T 07:05:54 [error]: Error 500. Cannot set headers after they are sent to the client 
09-12-2022 T 09:32:26 [error]: Error 500. Cannot destructure property '_id' of 'object null' as it is null. 
09-12-2022 T 09:33:36 [error]: Error 500. Cannot destructure property '_id' of 'object null' as it is null. 
09-12-2022 T 11:44:01 [error]: Error 500. Invalid status code: undefined 
10-12-2022 T 12:53:52 [error]: Error 400. Enter a product image 
10-12-2022 T 12:53:52 [error]: Error 500. Cannot read properties of undefined (reading 'originalname') 
10-12-2022 T 12:55:03 [error]: Error 400. Enter a product image 
10-12-2022 T 12:55:03 [error]: Error 500. Cannot read properties of undefined (reading 'originalname') 
10-12-2022 T 12:56:22 [error]: Error 400. Enter a product image 
10-12-2022 T 12:56:22 [error]: Error 500. Cannot read properties of undefined (reading 'originalname') 
10-12-2022 T 01:03:05 [error]: You must enter the name of the product and its respective price 
10-12-2022 T 01:05:54 [error]: You must enter the name of the product and its respective price 
10-12-2022 T 01:05:54 [error]: undefined. products validation failed: productName: Path `productName` is required., price: Path `price` is required. 
10-12-2022 T 01:05:54 [error]: Error 500. Cannot set headers after they are sent to the client 
10-12-2022 T 01:06:59 [error]: You must enter the name of the product and its respective price 
10-12-2022 T 04:21:36 [error]: Error 400. Enter a product image 
10-12-2022 T 04:21:36 [error]: You must enter the name of the product and its respective price 
10-12-2022 T 04:22:25 [error]: Error 400. Enter a product image 
10-12-2022 T 04:22:25 [error]: You must enter the name of the product and its respective price 
10-12-2022 T 04:49:44 [error]: Error 400. Enter a product image 
10-12-2022 T 04:49:44 [error]: You must enter the name of the product and its respective price 
10-12-2022 T 05:00:54 [error]: Error 400. Enter a product image 
10-12-2022 T 05:00:54 [error]: You must enter the name of the product and its respective price 
10-12-2022 T 05:46:03 [warn]: Error 404. Route not found 
10-12-2022 T 05:46:40 [warn]: Error 404. Route not found 
10-12-2022 T 05:50:13 [warn]: Error 404. Route not found 
10-12-2022 T 05:50:47 [warn]: Error 404. Route not found 
10-12-2022 T 05:52:13 [warn]: Error 404. Route not found 
10-12-2022 T 05:55:31 [error]: Error 400. please provide a product id 
10-12-2022 T 06:03:46 [error]: Error 400. please provide a product id 
10-12-2022 T 06:03:46 [error]: Error 400. Por favor ingresa un valor a ser actualizado 
10-12-2022 T 06:57:42 [error]: Error 400. Enter a product image 
10-12-2022 T 06:57:42 [error]: You must enter the name of the product and its respective price 
10-12-2022 T 06:57:43 [warn]: Error 404. Route not found 
10-12-2022 T 06:57:44 [error]: Error 400. please provide a product id 
10-12-2022 T 06:57:44 [error]: Error 400. Por favor ingresa un valor a ser actualizado 
10-12-2022 T 07:14:34 [error]: Error 400. please provide a product id 
10-12-2022 T 07:19:36 [error]: 404. Product doesn't exist 
10-12-2022 T 07:20:08 [error]: Error 400. please provide a product id 
10-12-2022 T 07:20:09 [error]: 404. Product doesn't exist 
12-12-2022 T 06:09:49 [warn]: Error 404. Route not found 
12-12-2022 T 06:09:49 [warn]: Error 404. Route not found 
12-12-2022 T 06:10:50 [warn]: Error 404. Route not found 
12-12-2022 T 06:26:37 [error]: undefined. addDocument.setImage is not a function 
12-12-2022 T 06:28:30 [error]: undefined. addDocument.setImage is not a function 
12-12-2022 T 06:29:40 [error]: undefined. addDocument.setImage is not a function 
12-12-2022 T 06:30:32 [error]: undefined. this.collection.setImage is not a function 
12-12-2022 T 06:32:17 [error]: undefined. this.collection.setImage is not a function 
12-12-2022 T 06:35:51 [warn]: You're not authenticated 
12-12-2022 T 06:36:17 [error]: Error 500. APP_HOST is not defined 
12-12-2022 T 06:36:58 [error]: Error 500. APP_HOST is not defined 
12-12-2022 T 06:37:03 [error]: Error 500. APP_HOST is not defined 
12-12-2022 T 06:38:41 [warn]: Error 404. Route not found 
12-12-2022 T 06:40:16 [warn]: Error 404. Route not found 
12-12-2022 T 06:40:16 [warn]: Error 404. Route not found 
12-12-2022 T 06:40:17 [warn]: Error 404. Route not found 
12-12-2022 T 06:40:17 [warn]: Error 404. Route not found 
12-12-2022 T 06:40:17 [warn]: Error 404. Route not found 
12-12-2022 T 06:40:17 [warn]: Error 404. Route not found 
12-12-2022 T 06:41:24 [warn]: Error 404. Route not found 
12-12-2022 T 06:41:24 [warn]: Error 404. Route not found 
12-12-2022 T 06:41:24 [warn]: Error 404. Route not found 
12-12-2022 T 06:41:24 [warn]: Error 404. Route not found 
12-12-2022 T 06:41:24 [warn]: Error 404. Route not found 
12-12-2022 T 06:41:24 [warn]: Error 404. Route not found 
12-12-2022 T 06:41:24 [warn]: Error 404. Route not found 
12-12-2022 T 09:18:40 [warn]: You're not authenticated 
12-12-2022 T 09:41:49 [error]: Error 400. Enter a product image 
14-12-2022 T 10:07:07 [error]: Error 400. please provide a product id 
14-12-2022 T 10:07:35 [error]: Error 500. Cannot read properties of undefined (reading '_id') 
14-12-2022 T 10:16:01 [error]: 400. Invalid ID product, mongo only accept 12 bytes, a string of 24 hex characters or an integer id value 
14-12-2022 T 10:16:35 [error]: 400. Invalid ID product, mongo only accept 12 bytes, a string of 24 hex characters or an integer id value 
14-12-2022 T 10:18:37 [error]: undefined. Cannot destructure property '_id' of 'undefined' as it is undefined. 
14-12-2022 T 10:28:48 [error]: Error 500. Cannot read properties of undefined (reading 'id') 
14-12-2022 T 10:29:21 [error]: Error 500. Cannot read properties of undefined (reading 'id') 
14-12-2022 T 10:33:29 [error]: 404. The product doesn't exist in database 
15-12-2022 T 12:01:35 [error]: 404. The product doesn't exist in database 
15-12-2022 T 12:04:59 [error]: 404. The product doesn't exist in database 
15-12-2022 T 12:05:07 [error]: 404. The product doesn't exist in database 
15-12-2022 T 06:56:14 [error]: Error 400. Enter a product image 
15-12-2022 T 07:08:49 [error]: Error 500. Invalid status code: undefined 
15-12-2022 T 07:24:48 [error]: 404.The cart don't exist in the database 
15-12-2022 T 07:25:00 [error]: 404.The product doesn't exist in database 
15-12-2022 T 07:58:19 [error]: 404.The product doesn't exist in database 
15-12-2022 T 07:58:32 [error]: 404.The product doesn't exist in database 
15-12-2022 T 07:58:46 [error]: 404.The product doesn't exist in database 
15-12-2022 T 08:02:00 [error]: Error 500. responseFromDeleteCart is not defined 
15-12-2022 T 08:03:59 [error]: Error 500. responseFromDeleteCart is not defined 
15-12-2022 T 08:05:31 [error]: 404.The cart is empty 
15-12-2022 T 08:12:52 [error]: 404.The product doesn't exist in your cart 
15-12-2022 T 08:13:04 [error]: 404.The product doesn't exist in database 
15-12-2022 T 08:14:28 [error]: 404.The product doesn't exist in your cart 
15-12-2022 T 08:15:26 [error]: 404.The product doesn't exist in your cart 
15-12-2022 T 08:15:42 [error]: 404.The product doesn't exist in database 
15-12-2022 T 08:17:28 [error]: 404.The product or cart doesn't exist in database 
15-12-2022 T 08:32:40 [error]: 404. The product or cart doesn't exist in database 
15-12-2022 T 09:48:48 [error]: 404.Product doesn't exist 
15-12-2022 T 09:50:29 [error]: 404.Product doesn't exist 
15-12-2022 T 09:52:48 [error]: 404.Product doesn't exist 
15-12-2022 T 09:53:32 [error]: 404.Product doesn't exist 
15-12-2022 T 09:55:09 [error]: 404.Product doesn't exist 
15-12-2022 T 10:40:00 [error]: 404.The product doesn't exist in your cart 
